
0.0.7

  * improve template documentation
  * goreport: add template (fixes #4)

  - mh-cbon <mh-cbon@users.noreply.github.com>

-- mh-cbon <mh-cbon@users.noreply.github.com>; Sun, 12 Mar 2017 01:23:58 +0100



0.0.6

  * template functions (std): add a new render template function to define additional values (fixes #2)
  * template function (std): file takes a new argument to define the colorizer (fixes #1)
  * emd: add new methods to access template, out and data
  * release: fix missing version to the emd build
  * README: multiple improvements.

  - mh-cbon <mh-cbon@users.noreply.github.com>

-- mh-cbon <mh-cbon@users.noreply.github.com>; Mon, 06 Mar 2017 19:18:04 +0100



0.0.5

  * badges: add codeship
  * Funcs cli/file: changed the MD template to add support for html anchors (before they was using bold tag, now they use a title tag)
  * command gen: prints success message only if out is not stdout
  * README: added a section to show HTML generation, and a recipe to bump the package.
  * release: change bump script format

  - mh-cbon <mh-cbon@users.noreply.github.com>

-- mh-cbon <mh-cbon@users.noreply.github.com>; Mon, 06 Mar 2017 15:20:40 +0100



0.0.4

  * changelog: typos
  * README: add template helpers documentation

  - mh-cbon <mh-cbon@users.noreply.github.com>

-- mh-cbon <mh-cbon@users.noreply.github.com>; Wed, 22 Feb 2017 22:18:19 +0100



0.0.3

  * travis(token): update ghtoken

  - mh-cbon <mh-cbon@users.noreply.github.com>

-- mh-cbon <mh-cbon@users.noreply.github.com>; Wed, 22 Feb 2017 22:05:07 +0100



0.0.2

  * README: fix appveyor badge
  * badge(update): fix url
  * README: fix appveyor badge
  * badge(fix): fix appveyor badge
  * README: add appveyor badge
  * badge(update): update text displayed in ci badges
  * README(fix): use correct bin path
  * bump(fix): emd gen command was wrong

  - mh-cbon <mh-cbon@users.noreply.github.com>

-- mh-cbon <mh-cbon@users.noreply.github.com>; Wed, 22 Feb 2017 21:26:29 +0100



0.0.1

  * project initialization

  - mh-cbon <mh-cbon@users.noreply.github.com>

-- mh-cbon <mh-cbon@users.noreply.github.com>; Wed, 22 Feb 2017 21:07:17 +0100


